<?xml version="1.0" encoding="UTF-8" ?>
<testsuite errors="0" failures="0" hostname="Esteban-PC" name="net.sourceforge.cruisecontrol.sampleproject.connectfour.CellTest" skipped="0" tests="1" time="0.033" timestamp="2016-04-20T17:39:58">
  <properties>
    <property name="ant.project.invoked-targets" value="all" />
    <property name="java.runtime.name" value="Java(TM) SE Runtime Environment" />
    <property name="sun.boot.library.path" value="C:\Program Files (x86)\Java\jdk1.8.0_77\jre\bin" />
    <property name="java.vm.version" value="25.77-b03" />
    <property name="ant.library.dir" value="C:\Users\Esteban\.p2\pool\plugins\org.apache.ant_1.9.4.v201504302020\lib" />
    <property name="ant.version" value="Apache Ant(TM) version 1.9.4 compiled on April 29 2014" />
    <property name="ant.java.version" value="1.8" />
    <property name="java.vm.vendor" value="Oracle Corporation" />
    <property name="java.vendor.url" value="http://java.oracle.com/" />
    <property name="path.separator" value=";" />
    <property name="java.vm.name" value="Java HotSpot(TM) Client VM" />
    <property name="file.encoding.pkg" value="sun.io" />
    <property name="user.script" value="" />
    <property name="user.country" value="ES" />
    <property name="sun.java.launcher" value="SUN_STANDARD" />
    <property name="sun.os.patch.level" value="Service Pack 1" />
    <property name="java.vm.specification.name" value="Java Virtual Machine Specification" />
    <property name="user.dir" value="C:\Users\Esteban\git\connect-four" />
    <property name="java.runtime.version" value="1.8.0_77-b03" />
    <property name="java.awt.graphicsenv" value="sun.awt.Win32GraphicsEnvironment" />
    <property name="eclipse.pdebuild.scripts" value="/C:/Users/Esteban/eclipse/java-mars/eclipse/../../../.p2/pool/plugins/org.eclipse.pde.build_3.9.100.v20150521-1524/scripts/" />
    <property name="basedir" value="C:\Users\Esteban\git\connect-four" />
    <property name="java.endorsed.dirs" value="C:\Program Files (x86)\Java\jdk1.8.0_77\jre\lib\endorsed" />
    <property name="os.arch" value="x86" />
    <property name="ant.project.default-target" value="all" />
    <property name="java.io.tmpdir" value="C:\Users\Esteban\AppData\Local\Temp\" />
    <property name="ant.core.lib" value="C:\Users\Esteban\.p2\pool\plugins\org.apache.ant_1.9.4.v201504302020\lib\ant.jar" />
    <property name="line.separator" value="&#xd;&#xa;" />
    <property name="java.vm.specification.vendor" value="Oracle Corporation" />
    <property name="user.variant" value="" />
    <property name="os.name" value="Windows 7" />
    <property name="ant.file.connectfour" value="C:\Users\Esteban\git\connect-four\build.xml" />
    <property name="ant.home" value="C:\Users\Esteban\.p2\pool\plugins\org.apache.ant_1.9.4.v201504302020" />
    <property name="eclipse.pdebuild.templates" value="/C:/Users/Esteban/eclipse/java-mars/eclipse/../../../.p2/pool/plugins/org.eclipse.pde.build_3.9.100.v20150521-1524/templates/" />
    <property name="ant.project.name" value="connectfour" />
    <property name="sun.jnu.encoding" value="Cp1252" />
    <property name="java.library.path" value="C:\Users\Esteban\eclipse\java-mars\eclipse;C:\Windows\Sun\Java\bin;C:\Windows\system32;C:\Windows;C:/Program Files (x86)/Java/jre1.8.0_77/bin/client;C:/Program Files (x86)/Java/jre1.8.0_77/bin;C:/Program Files (x86)/Java/jre1.8.0_77/lib/i386;C:\ProgramData\Oracle\Java\javapath;C:\Windows\system32;C:\Windows;C:\Windows\System32\Wbem;C:\Program Files\OpenVPN\bin;C:\Program Files\Broadcom\Broadcom 802.11\Driver;C:\Program Files\Microsoft\Web Platform Installer\;C:\Windows\System32\WindowsPowerShell\v1.0\;C:\Users\Esteban\Desktop;;.;C:\Users\Esteban\eclipse\java-mars\eclipse\configuration\org.eclipse.osgi\388\0\.cp" />
    <property name="eclipse.pdebuild.home" value="/C:/Users/Esteban/eclipse/java-mars/eclipse/../../../.p2/pool/plugins/org.eclipse.pde.build_3.9.100.v20150521-1524/./" />
    <property name="ant.file.type.connectfour" value="file" />
    <property name="java.class.version" value="52.0" />
    <property name="java.specification.name" value="Java Platform API Specification" />
    <property name="sun.management.compiler" value="HotSpot Client Compiler" />
    <property name="os.version" value="6.1" />
    <property name="ant.file" value="C:\Users\Esteban\git\connect-four\build.xml" />
    <property name="user.home" value="C:\Users\Esteban" />
    <property name="user.timezone" value="" />
    <property name="java.awt.printerjob" value="sun.awt.windows.WPrinterJob" />
    <property name="java.specification.version" value="1.8" />
    <property name="file.encoding" value="UTF-8" />
    <property name="user.name" value="Esteban" />
    <property name="java.class.path" value="C:\Users\Esteban\.p2\pool\plugins\org.apache.ant_1.9.4.v201504302020\lib\ant-antlr.jar;C:\Users\Esteban\.p2\pool\plugins\org.apache.ant_1.9.4.v201504302020\lib\ant-apache-bcel.jar;C:\Users\Esteban\.p2\pool\plugins\org.apache.ant_1.9.4.v201504302020\lib\ant-apache-bsf.jar;C:\Users\Esteban\.p2\pool\plugins\org.apache.ant_1.9.4.v201504302020\lib\ant-apache-log4j.jar;C:\Users\Esteban\.p2\pool\plugins\org.apache.ant_1.9.4.v201504302020\lib\ant-apache-oro.jar;C:\Users\Esteban\.p2\pool\plugins\org.apache.ant_1.9.4.v201504302020\lib\ant-apache-regexp.jar;C:\Users\Esteban\.p2\pool\plugins\org.apache.ant_1.9.4.v201504302020\lib\ant-apache-resolver.jar;C:\Users\Esteban\.p2\pool\plugins\org.apache.ant_1.9.4.v201504302020\lib\ant-apache-xalan2.jar;C:\Users\Esteban\.p2\pool\plugins\org.apache.ant_1.9.4.v201504302020\lib\ant-commons-logging.jar;C:\Users\Esteban\.p2\pool\plugins\org.apache.ant_1.9.4.v201504302020\lib\ant-commons-net.jar;C:\Users\Esteban\.p2\pool\plugins\org.apache.ant_1.9.4.v201504302020\lib\ant-jai.jar;C:\Users\Esteban\.p2\pool\plugins\org.apache.ant_1.9.4.v201504302020\lib\ant-javamail.jar;C:\Users\Esteban\.p2\pool\plugins\org.apache.ant_1.9.4.v201504302020\lib\ant-jdepend.jar;C:\Users\Esteban\.p2\pool\plugins\org.apache.ant_1.9.4.v201504302020\lib\ant-jmf.jar;C:\Users\Esteban\.p2\pool\plugins\org.apache.ant_1.9.4.v201504302020\lib\ant-jsch.jar;C:\Users\Esteban\.p2\pool\plugins\org.apache.ant_1.9.4.v201504302020\lib\ant-junit.jar;C:\Users\Esteban\.p2\pool\plugins\org.apache.ant_1.9.4.v201504302020\lib\ant-junit4.jar;C:\Users\Esteban\.p2\pool\plugins\org.apache.ant_1.9.4.v201504302020\lib\ant-launcher.jar;C:\Users\Esteban\.p2\pool\plugins\org.apache.ant_1.9.4.v201504302020\lib\ant-netrexx.jar;C:\Users\Esteban\.p2\pool\plugins\org.apache.ant_1.9.4.v201504302020\lib\ant-swing.jar;C:\Users\Esteban\.p2\pool\plugins\org.apache.ant_1.9.4.v201504302020\lib\ant-testutil.jar;C:\Users\Esteban\.p2\pool\plugins\org.apache.ant_1.9.4.v201504302020\lib\ant.jar;C:\Users\Esteban\eclipse\java-mars\eclipse\configuration\org.eclipse.osgi\61\0\.cp\lib\antdebug.jar;C:\Users\Esteban\eclipse\java-mars\eclipse\configuration\org.eclipse.osgi\61\0\.cp\lib\remote.jar;C:\Users\Esteban\eclipse\java-mars\eclipse\configuration\org.eclipse.osgi\62\0\.cp\lib\remoteAnt.jar;C:\Program Files (x86)\Java\jdk1.8.0_77\lib\tools.jar;C:\Users\Esteban\.p2\pool\plugins\org.eclipse.swt.win32.win32.x86_3.104.1.v20150825-0743.jar" />
    <property name="java.vm.specification.version" value="1.8" />
    <property name="sun.java.command" value="org.eclipse.ant.internal.launching.remote.InternalAntRunner -Dorg.eclipse.ant.core.ANT_PROCESS_ID=1461173983186 -Declipse.connect.port=50367 -Declipse.pdebuild.home=/C:/Users/Esteban/eclipse/java-mars/eclipse/../../../.p2/pool/plugins/org.eclipse.pde.build_3.9.100.v20150521-1524/./ -Declipse.pdebuild.scripts=/C:/Users/Esteban/eclipse/java-mars/eclipse/../../../.p2/pool/plugins/org.eclipse.pde.build_3.9.100.v20150521-1524/scripts/ -Declipse.pdebuild.templates=/C:/Users/Esteban/eclipse/java-mars/eclipse/../../../.p2/pool/plugins/org.eclipse.pde.build_3.9.100.v20150521-1524/templates/ -Dant.home=C:\Users\Esteban\.p2\pool\plugins\org.apache.ant_1.9.4.v201504302020 -logger org.eclipse.ant.internal.launching.remote.logger.RemoteAntBuildLogger -inputhandler org.eclipse.ant.internal.ui.antsupport.inputhandler.ProxyInputHandler -buildfile C:\Users\Esteban\git\connect-four\build.xml" />
    <property name="sun.arch.data.model" value="32" />
    <property name="java.home" value="C:\Program Files (x86)\Java\jdk1.8.0_77\jre" />
    <property name="java.specification.vendor" value="Oracle Corporation" />
    <property name="user.language" value="es" />
    <property name="awt.toolkit" value="sun.awt.windows.WToolkit" />
    <property name="java.vm.info" value="mixed mode" />
    <property name="java.version" value="1.8.0_77" />
    <property name="java.ext.dirs" value="C:\Program Files (x86)\Java\jdk1.8.0_77\jre\lib\ext;C:\Windows\Sun\Java\lib\ext" />
    <property name="sun.boot.class.path" value="C:\Program Files (x86)\Java\jdk1.8.0_77\jre\lib\resources.jar;C:\Program Files (x86)\Java\jdk1.8.0_77\jre\lib\rt.jar;C:\Program Files (x86)\Java\jdk1.8.0_77\jre\lib\sunrsasign.jar;C:\Program Files (x86)\Java\jdk1.8.0_77\jre\lib\jsse.jar;C:\Program Files (x86)\Java\jdk1.8.0_77\jre\lib\jce.jar;C:\Program Files (x86)\Java\jdk1.8.0_77\jre\lib\charsets.jar;C:\Program Files (x86)\Java\jdk1.8.0_77\jre\lib\jfr.jar;C:\Program Files (x86)\Java\jdk1.8.0_77\jre\classes" />
    <property name="java.vendor" value="Oracle Corporation" />
    <property name="file.separator" value="\" />
    <property name="java.vendor.url.bug" value="http://bugreport.sun.com/bugreport/" />
    <property name="sun.cpu.endian" value="little" />
    <property name="sun.io.unicode.encoding" value="UnicodeLittle" />
    <property name="sun.desktop" value="windows" />
    <property name="sun.cpu.isalist" value="pentium_pro+mmx pentium_pro pentium+mmx pentium i486 i386 i86" />
  </properties>
  <testcase classname="net.sourceforge.cruisecontrol.sampleproject.connectfour.CellTest" name="testConstructor" time="0.002" />
  <system-out><![CDATA[]]></system-out>
  <system-err><![CDATA[]]></system-err>
</testsuite>
